Started GET "/" for ::1 at 2020-06-23 12:03:48 -0400
Processing by Rails::WelcomeController#index as HTML
  Rendering /Users/sam_kratzer/.rbenv/versions/2.5.1/lib/ruby/gems/2.5.0/gems/railties-5.2.4.3/lib/rails/templates/rails/welcome/index.html.erb
  Rendered /Users/sam_kratzer/.rbenv/versions/2.5.1/lib/ruby/gems/2.5.0/gems/railties-5.2.4.3/lib/rails/templates/rails/welcome/index.html.erb (10.3ms)
Completed 200 OK in 41ms (Views: 26.5ms | ActiveRecord: 0.0ms)


  [1m[35m (0.1ms)[0m  [1m[34mSELECT sqlite_version(*)[0m
  ↳ bin/rails:9
  [1m[35m (2.3ms)[0m  [1m[35mCREATE TABLE "schema_migrations" ("version" varchar NOT NULL PRIMARY KEY)[0m
  ↳ bin/rails:9
  [1m[35m (2.6ms)[0m  [1m[35mCREATE TABLE "ar_internal_metadata" ("key" varchar NOT NULL PRIMARY KEY, "value" varchar, "created_at" datetime NOT NULL, "updated_at" datetime NOT NULL)[0m
  ↳ bin/rails:9
  [1m[35m (0.2ms)[0m  [1m[34mSELECT "schema_migrations"."version" FROM "schema_migrations" ORDER BY "schema_migrations"."version" ASC[0m
  ↳ bin/rails:9
Migrating to CreateUsers (20200623160617)
  [1m[35m (0.1ms)[0m  [1m[36mbegin transaction[0m
  ↳ bin/rails:9
  [1m[35m (0.5ms)[0m  [1m[35mCREATE TABLE "users" ("id" integer PRIMARY KEY AUTOINCREMENT NOT NULL, "email" varchar NOT NULL, "password_digest" varchar NOT NULL, "session_token" varchar NOT NULL, "created_at" datetime NOT NULL, "updated_at" datetime NOT NULL)[0m
  ↳ db/migrate/20200623160617_create_users.rb:3
  [1m[35m (0.2ms)[0m  [1m[35mCREATE UNIQUE INDEX "index_users_on_email" ON "users" ("email")[0m
  ↳ db/migrate/20200623160617_create_users.rb:10
  [1m[35m (0.2ms)[0m  [1m[35mCREATE UNIQUE INDEX "index_users_on_session_token" ON "users" ("session_token")[0m
  ↳ db/migrate/20200623160617_create_users.rb:11
  [1m[36mActiveRecord::SchemaMigration Create (6.2ms)[0m  [1m[32mINSERT INTO "schema_migrations" ("version") VALUES (?)[0m  [["version", "20200623160617"]]
  ↳ bin/rails:9
  [1m[35m (3.3ms)[0m  [1m[36mcommit transaction[0m
  ↳ bin/rails:9
  [1m[36mActiveRecord::InternalMetadata Load (0.2ms)[0m  [1m[34mSELECT  "ar_internal_metadata".* FROM "ar_internal_metadata" WHERE "ar_internal_metadata"."key" = ? LIMIT ?[0m  [["key", "environment"], ["LIMIT", 1]]
  ↳ bin/rails:9
  [1m[35m (0.1ms)[0m  [1m[36mbegin transaction[0m
  ↳ bin/rails:9
  [1m[36mActiveRecord::InternalMetadata Create (1.2ms)[0m  [1m[32mINSERT INTO "ar_internal_metadata" ("key", "value", "created_at", "updated_at") VALUES (?, ?, ?, ?)[0m  [["key", "environment"], ["value", "development"], ["created_at", "2020-06-23 16:11:56.535672"], ["updated_at", "2020-06-23 16:11:56.535672"]]
  ↳ bin/rails:9
  [1m[35m (1.7ms)[0m  [1m[36mcommit transaction[0m
  ↳ bin/rails:9
  [1m[35m (0.1ms)[0m  [1m[34mSELECT "schema_migrations"."version" FROM "schema_migrations" ORDER BY "schema_migrations"."version" ASC[0m
  ↳ bin/rails:9
Started POST "/users/" for ::1 at 2020-06-23 14:17:41 -0400
  [1m[35m (2.3ms)[0m  [1m[34mSELECT "schema_migrations"."version" FROM "schema_migrations" ORDER BY "schema_migrations"."version" ASC[0m
  ↳ /Users/sam_kratzer/.rbenv/versions/2.5.1/lib/ruby/gems/2.5.0/gems/activerecord-5.2.4.3/lib/active_record/log_subscriber.rb:98
Processing by UsersController#create as */*
  Parameters: {"user"=>{"email"=>"xwing@aliciousness.com", "password"=>"[FILTERED]"}}
Can't verify CSRF token authenticity.
Completed 422 Unprocessable Entity in 2ms (ActiveRecord: 0.0ms)



ActionController::InvalidAuthenticityToken - ActionController::InvalidAuthenticityToken:

Started GET "/users/new" for ::1 at 2020-06-23 14:19:13 -0400
Processing by UsersController#new as HTML
Completed 500 Internal Server Error in 50ms (ActiveRecord: 0.0ms)



ActionView::MissingTemplate - Missing template users/new, application/new with {:locale=>[:en], :formats=>[:html], :variants=>[], :handlers=>[:raw, :erb, :html, :builder, :ruby, :coffee, :jbuilder]}. Searched in:
  * "/Users/sam_kratzer/Desktop/course_work/aA_git/aA_coursework/W7D2/MusicApp/app/views"
:
  app/controllers/users_controller.rb:4:in `new'

Started POST "/__better_errors/5699dfc8bd2bf02b/variables" for ::1 at 2020-06-23 14:19:13 -0400
Started GET "/users/new" for ::1 at 2020-06-23 14:19:54 -0400
Processing by UsersController#new as HTML
  Rendering users/new.html.erb within layouts/application
  Rendered users/new.html.erb within layouts/application (0.6ms)
Completed 200 OK in 694ms (Views: 692.3ms | ActiveRecord: 0.0ms)


Started GET "/users/new" for ::1 at 2020-06-23 14:20:56 -0400
Processing by UsersController#new as HTML
  Rendering users/new.html.erb within layouts/application
  Rendered users/new.html.erb within layouts/application (2.5ms)
Completed 200 OK in 74ms (Views: 72.5ms | ActiveRecord: 0.0ms)


Started GET "/session/new" for ::1 at 2020-06-23 14:22:23 -0400
Processing by SessionsController#new as HTML
  Rendering sessions/new.html.erb within layouts/application
  Rendered sessions/new.html.erb within layouts/application (3.3ms)
Completed 200 OK in 83ms (Views: 72.0ms | ActiveRecord: 0.0ms)


Started POST "/users/" for ::1 at 2020-06-23 14:50:32 -0400

ActionController::RoutingError - undefined method `project_from_forgery' for ApplicationController:Class
Did you mean?  protect_from_forgery:

Started POST "/users/" for ::1 at 2020-06-23 14:51:05 -0400
Processing by UsersController#create as */*
  Parameters: {"user"=>{"email"=>"xwing@aliciousness.com", "password"=>"[FILTERED]"}}
Completed 500 Internal Server Error in 23ms (ActiveRecord: 2.1ms)



NameError - uninitialized constant User::BCrypt:
  app/models/user.rb:40:in `password='
  app/controllers/users_controller.rb:8:in `create'

Started POST "/users/" for ::1 at 2020-06-23 14:56:24 -0400
Processing by UsersController#create as */*
  Parameters: {"user"=>{"email"=>"xwing@aliciousness.com", "password"=>"[FILTERED]"}}
Completed 500 Internal Server Error in 22ms (ActiveRecord: 0.9ms)



NameError - uninitialized constant User::BCrypt:
  app/models/user.rb:45:in `password='
  app/controllers/users_controller.rb:8:in `create'

Started POST "/users/" for ::1 at 2020-06-23 15:01:05 -0400
Processing by UsersController#create as */*
  Parameters: {"user"=>{"email"=>"xwing@aliciousness.com", "password"=>"[FILTERED]"}}
Completed 500 Internal Server Error in 93ms (ActiveRecord: 2.5ms)



NameError - uninitialized constant User::BCrypt:
  app/models/user.rb:45:in `password='
  app/controllers/users_controller.rb:8:in `create'

Started POST "/users/" for ::1 at 2020-06-23 15:01:50 -0400
Processing by UsersController#create as */*
  Parameters: {"user"=>{"email"=>"xwing@aliciousness.com", "password"=>"[FILTERED]"}}
Completed 500 Internal Server Error in 23ms (ActiveRecord: 0.0ms)



NameError - uninitialized constant User::BCrypt:
  app/models/user.rb:45:in `password='
  app/controllers/users_controller.rb:8:in `create'

Started POST "/users/?user[email]=xwing@aliciousness.xyz&user[passwor]=flopsybopsy" for ::1 at 2020-06-23 15:03:19 -0400
Processing by UsersController#create as */*
  Parameters: {"user"=>{"email"=>"xwing@aliciousness.xyz", "passwor"=>"flopsybopsy"}}
Unpermitted parameter: :passwor
  [1m[35m (0.2ms)[0m  [1m[36mbegin transaction[0m
  ↳ app/controllers/users_controller.rb:9
  [1m[36mUser Exists (1.2ms)[0m  [1m[34mSELECT  1 AS one FROM "users" WHERE "users"."session_token" = ? LIMIT ?[0m  [["session_token", "xjaqKf3uCE0wGbVzdg92ig"], ["LIMIT", 1]]
  ↳ app/controllers/users_controller.rb:9
  [1m[35m (0.1ms)[0m  [1m[31mrollback transaction[0m
  ↳ app/controllers/users_controller.rb:9
  Rendering users/new.html.erb within layouts/application
  Rendered users/new.html.erb within layouts/application (0.6ms)
Completed 200 OK in 265ms (Views: 215.3ms | ActiveRecord: 1.5ms)


Started POST "/users/?user[email]=xwing@aliciousness.xyz&user[password]=[FILTERED]" for ::1 at 2020-06-23 15:03:59 -0400
Processing by UsersController#create as */*
  Parameters: {"user"=>{"email"=>"xwing@aliciousness.xyz", "password"=>"[FILTERED]"}}
Completed 500 Internal Server Error in 10ms (ActiveRecord: 0.0ms)



NameError - uninitialized constant User::BCrypt:
  app/models/user.rb:45:in `password='
  app/controllers/users_controller.rb:8:in `create'

Started POST "/users/?user[email]=xwing@aliciousness.xyz&user[password]=[FILTERED]" for ::1 at 2020-06-23 15:05:19 -0400
Processing by UsersController#create as */*
  Parameters: {"user"=>{"email"=>"xwing@aliciousness.xyz", "password"=>"[FILTERED]"}}
Completed 500 Internal Server Error in 109ms (ActiveRecord: 0.0ms)



LoadError - cannot load such file -- bcrypt:
  app/models/user.rb:1:in `<top (required)>'
  app/controllers/users_controller.rb:8:in `create'

Started POST "/users/?user[email]=xwing@aliciousness.xyz&user[password]=[FILTERED]" for ::1 at 2020-06-23 15:06:50 -0400
Processing by UsersController#create as */*
  Parameters: {"user"=>{"email"=>"xwing@aliciousness.xyz", "password"=>"[FILTERED]"}}
Completed 500 Internal Server Error in 62ms (ActiveRecord: 1.9ms)



NameError - uninitialized constant User::BCrypt:
  app/models/user.rb:45:in `password='
  app/controllers/users_controller.rb:8:in `create'

Started POST "/users/?user[email]=xwing@aliciousness.xyz&user[password]=[FILTERED]" for ::1 at 2020-06-23 15:11:28 -0400
Processing by UsersController#create as */*
  Parameters: {"user"=>{"email"=>"xwing@aliciousness.xyz", "password"=>"[FILTERED]"}}
Completed 500 Internal Server Error in 67ms (ActiveRecord: 1.8ms)



NameError - uninitialized constant User::BCrypt:
  app/models/user.rb:45:in `password='
  app/controllers/users_controller.rb:8:in `create'

Started POST "/users/?user[email]=xwing@aliciousness.xyz&user[password]=[FILTERED]" for ::1 at 2020-06-23 15:11:42 -0400
Processing by UsersController#create as */*
  Parameters: {"user"=>{"email"=>"xwing@aliciousness.xyz", "password"=>"[FILTERED]"}}
Completed 500 Internal Server Error in 54ms (ActiveRecord: 1.7ms)



NameError - uninitialized constant User::Password:
  app/models/user.rb:45:in `password='
  app/controllers/users_controller.rb:8:in `create'

Started POST "/users/?user[email]=xwing@aliciousness.xyz&user[password]=[FILTERED]" for ::1 at 2020-06-23 15:12:42 -0400
Processing by UsersController#create as */*
  Parameters: {"user"=>{"email"=>"xwing@aliciousness.xyz", "password"=>"[FILTERED]"}}
Completed 500 Internal Server Error in 33ms (ActiveRecord: 2.1ms)



NameError - uninitialized constant User::BCrpyt:
  app/models/user.rb:45:in `password='
  app/controllers/users_controller.rb:8:in `create'

Started POST "/users/?user[email]=xwing@aliciousness.xyz&user[password]=[FILTERED]" for ::1 at 2020-06-23 15:15:54 -0400
Processing by UsersController#create as */*
  Parameters: {"user"=>{"email"=>"xwing@aliciousness.xyz", "password"=>"[FILTERED]"}}
Completed 500 Internal Server Error in 11ms (ActiveRecord: 0.0ms)



TypeError - wrong argument type Symbol (expected Module):
  app/models/user.rb:2:in `<class:User>'
  app/models/user.rb:1:in `<top (required)>'
  app/controllers/users_controller.rb:8:in `create'

Started POST "/users/?user[email]=xwing@aliciousness.xyz&user[password]=[FILTERED]" for ::1 at 2020-06-23 15:16:07 -0400
Processing by UsersController#create as */*
  Parameters: {"user"=>{"email"=>"xwing@aliciousness.xyz", "password"=>"[FILTERED]"}}
Completed 500 Internal Server Error in 26ms (ActiveRecord: 0.0ms)



NameError - uninitialized constant User::BCrpyt:
  app/models/user.rb:2:in `<class:User>'
  app/models/user.rb:1:in `<top (required)>'
  app/controllers/users_controller.rb:8:in `create'

Started POST "/users/?user[email]=xwing@aliciousness.xyz&user[password]=[FILTERED]" for ::1 at 2020-06-23 15:16:23 -0400
Processing by UsersController#create as */*
  Parameters: {"user"=>{"email"=>"xwing@aliciousness.xyz", "password"=>"[FILTERED]"}}
Completed 500 Internal Server Error in 17ms (ActiveRecord: 0.0ms)



NameError - uninitialized constant User::BCrypt:
  app/models/user.rb:2:in `<class:User>'
  app/models/user.rb:1:in `<top (required)>'
  app/controllers/users_controller.rb:8:in `create'

Started POST "/users/?user[email]=xwing@aliciousness.xyz&user[password]=[FILTERED]" for ::1 at 2020-06-23 15:16:54 -0400
Processing by UsersController#create as */*
  Parameters: {"user"=>{"email"=>"xwing@aliciousness.xyz", "password"=>"[FILTERED]"}}
Completed 500 Internal Server Error in 38ms (ActiveRecord: 0.0ms)



TypeError - wrong argument type String (expected Module):
  app/models/user.rb:2:in `<class:User>'
  app/models/user.rb:1:in `<top (required)>'
  app/controllers/users_controller.rb:8:in `create'

Started POST "/users/?user[email]=xwing@aliciousness.xyz&user[password]=[FILTERED]" for ::1 at 2020-06-23 15:17:27 -0400
Processing by UsersController#create as */*
  Parameters: {"user"=>{"email"=>"xwing@aliciousness.xyz", "password"=>"[FILTERED]"}}
Completed 500 Internal Server Error in 12ms (ActiveRecord: 0.0ms)



LoadError - cannot load such file -- bcrypt:
  app/models/user.rb:1:in `<top (required)>'
  app/controllers/users_controller.rb:8:in `create'

Started POST "/users/?user[email]=xwing@aliciousness.xyz&user[password]=[FILTERED]" for ::1 at 2020-06-23 15:20:59 -0400
Processing by UsersController#create as */*
  Parameters: {"user"=>{"email"=>"xwing@aliciousness.xyz", "password"=>"[FILTERED]"}}
Completed 500 Internal Server Error in 36ms (ActiveRecord: 1.7ms)



NameError - uninitialized constant User::BCrypt:
  app/models/user.rb:46:in `password='
  app/controllers/users_controller.rb:8:in `create'

Started POST "/users/?user[email]=xwing@aliciousness.xyz&user[password]=[FILTERED]" for ::1 at 2020-06-23 15:21:03 -0400
Processing by UsersController#create as */*
  Parameters: {"user"=>{"email"=>"xwing@aliciousness.xyz", "password"=>"[FILTERED]"}}
Completed 500 Internal Server Error in 8ms (ActiveRecord: 0.0ms)



NameError - uninitialized constant User::BCrypt:
  app/models/user.rb:46:in `password='
  app/controllers/users_controller.rb:8:in `create'

Started POST "/users/?user[email]=xwing@aliciousness.xyz&user[password]=[FILTERED]" for ::1 at 2020-06-23 15:22:01 -0400
Processing by UsersController#create as */*
  Parameters: {"user"=>{"email"=>"xwing@aliciousness.xyz", "password"=>"[FILTERED]"}}
Completed 500 Internal Server Error in 44ms (ActiveRecord: 1.6ms)



NameError - uninitialized constant User::BCrypt:
  app/models/user.rb:46:in `password='
  app/controllers/users_controller.rb:8:in `create'

Started POST "/users/?user[email]=xwing@aliciousness.xyz&user[password]=[FILTERED]" for ::1 at 2020-06-23 15:26:10 -0400
Processing by UsersController#create as */*
  Parameters: {"user"=>{"email"=>"xwing@aliciousness.xyz", "password"=>"[FILTERED]"}}
Completed 500 Internal Server Error in 19ms (ActiveRecord: 0.0ms)



LoadError - cannot load such file -- bcrypt:
  app/models/user.rb:3:in `<class:User>'
  app/models/user.rb:2:in `<top (required)>'
  app/controllers/users_controller.rb:8:in `create'

Started POST "/users/?users[email]=xwing@aliciousness.xyz&users[password]=[FILTERED]" for ::1 at 2020-06-23 15:27:29 -0400
Processing by UsersController#create as */*
  Parameters: {"users"=>{"email"=>"xwing@aliciousness.xyz", "password"=>"[FILTERED]"}}
Completed 400 Bad Request in 7ms (ActiveRecord: 0.0ms)



ActionController::ParameterMissing - param is missing or the value is empty: user:
  app/controllers/users_controller.rb:30:in `user_params'
  app/controllers/users_controller.rb:8:in `create'

Started POST "/users/?user[email]=xwing@aliciousness.xyz&user[password]=[FILTERED]" for ::1 at 2020-06-23 15:27:39 -0400
Processing by UsersController#create as */*
  Parameters: {"user"=>{"email"=>"xwing@aliciousness.xyz", "password"=>"[FILTERED]"}}
Completed 500 Internal Server Error in 20ms (ActiveRecord: 1.5ms)



NameError - uninitialized constant User::BCrypt:
  app/models/user.rb:46:in `password='
  app/controllers/users_controller.rb:8:in `create'

Started POST "/users/?user[email]=xwing@aliciousness.xyz&user[password]=[FILTERED]" for ::1 at 2020-06-23 15:29:27 -0400
Processing by UsersController#create as */*
  Parameters: {"user"=>{"email"=>"xwing@aliciousness.xyz", "password"=>"[FILTERED]"}}
Completed 500 Internal Server Error in 25ms (ActiveRecord: 0.7ms)



NameError - uninitialized constant User::BCrypt:
  app/models/user.rb:46:in `password='
  app/controllers/users_controller.rb:8:in `create'

Started POST "/users/?user[email]=xwing@aliciousness.xyz&user[password]=[FILTERED]" for ::1 at 2020-06-23 15:31:08 -0400
Processing by UsersController#create as */*
  Parameters: {"user"=>{"email"=>"xwing@aliciousness.xyz", "password"=>"[FILTERED]"}}
Completed 500 Internal Server Error in 11ms (ActiveRecord: 0.0ms)



NameError - uninitialized constant User::BCrypt:
  app/models/user.rb:46:in `password='
  app/controllers/users_controller.rb:8:in `create'

Started POST "/users/?user[email]=xwing@aliciousness.xyz&user[password]=[FILTERED]" for ::1 at 2020-06-23 15:33:22 -0400
Processing by UsersController#create as */*
  Parameters: {"user"=>{"email"=>"xwing@aliciousness.xyz", "password"=>"[FILTERED]"}}
Completed 500 Internal Server Error in 10ms (ActiveRecord: 0.0ms)



LoadError - cannot load such file -- bcrypt:
  app/models/user.rb:1:in `<top (required)>'
  app/controllers/users_controller.rb:8:in `create'

Started POST "/users/?user[email]=xwing@aliciousness.xyz&user[password]=[FILTERED]" for ::1 at 2020-06-23 15:33:24 -0400
Processing by UsersController#create as */*
  Parameters: {"user"=>{"email"=>"xwing@aliciousness.xyz", "password"=>"[FILTERED]"}}
Completed 500 Internal Server Error in 7ms (ActiveRecord: 0.0ms)



LoadError - cannot load such file -- bcrypt:
  app/models/user.rb:1:in `<top (required)>'
  app/controllers/users_controller.rb:8:in `create'

Started POST "/users/?user[email]=xwing@aliciousness.xyz&user[password]=[FILTERED]" for ::1 at 2020-06-23 15:43:08 -0400
Processing by UsersController#create as */*
  Parameters: {"user"=>{"email"=>"xwing@aliciousness.xyz", "password"=>"[FILTERED]"}}
Completed 500 Internal Server Error in 10ms (ActiveRecord: 0.0ms)



LoadError - cannot load such file -- bcrypt:
  app/models/user.rb:1:in `<top (required)>'
  app/controllers/users_controller.rb:8:in `create'

Started POST "/users/?user[email]=xwing@aliciousness.xyz&user[password]=[FILTERED]" for ::1 at 2020-06-23 15:43:24 -0400
Processing by UsersController#create as */*
  Parameters: {"user"=>{"email"=>"xwing@aliciousness.xyz", "password"=>"[FILTERED]"}}
Completed 500 Internal Server Error in 29ms (ActiveRecord: 2.2ms)



NameError - uninitialized constant BCrypt:
  app/models/user.rb:45:in `password='
  app/controllers/users_controller.rb:8:in `create'

Started POST "/users/?user[email]=xwing@aliciousness.xyz&user[password]=[FILTERED]" for ::1 at 2020-06-23 15:44:07 -0400
Processing by UsersController#create as */*
  Parameters: {"user"=>{"email"=>"xwing@aliciousness.xyz", "password"=>"[FILTERED]"}}
Completed 500 Internal Server Error in 30ms (ActiveRecord: 1.3ms)



NameError - uninitialized constant User::BCrypt:
  app/models/user.rb:45:in `password='
  app/controllers/users_controller.rb:8:in `create'

